<?xml version="1.0" encoding="UTF-8"?>
<!-- Generated by org.testng.reporters.JUnitReportReporter -->
<testsuite hostname="JituBhardwaj" failures="0" tests="1" name="testscript.Test_script" time="81.350" errors="0" timestamp="2022-05-03T17:33:32 IST" skipped="0">
  <testcase classname="testscript.Test_script" name="test" time="81.350"/>
  <system-out/>
</testsuite> <!-- testscript.Test_script -->
